[2021-04-28 08:29:27,514] 
### Welcome to ShivaCorp Banking App ###
[2021-04-28 08:29:27,531] 
Main menu
[2021-04-28 08:29:27,532] 1..Login
[2021-04-28 08:29:27,532] 2..Register
[2021-04-28 08:29:27,533] 3..Quit
[2021-04-28 08:29:27,533] Enter choice:
[2021-04-28 08:29:47,006] 
Main menu > Login
[2021-04-28 08:29:47,006] Username:
[2021-04-28 08:30:02,222] Password:
[2021-04-28 08:30:04,237] Looking up foo
[2021-04-28 08:30:04,606] Found foo
[2021-04-28 08:30:04,606] foo authenticated
[2021-04-28 08:30:04,606] 
Customer menu
[2021-04-28 08:30:04,606] 1..Apply for new account
[2021-04-28 08:30:04,606] 2..View account balance
[2021-04-28 08:30:04,607] 3..Withdraw funds
[2021-04-28 08:30:04,607] 4..Deposit funds
[2021-04-28 08:30:04,607] 5..Transfer funds
[2021-04-28 08:30:04,607] 6..Logout
[2021-04-28 08:30:04,607] [foo] Enter choice:
[2021-04-28 08:30:07,256] 
Customer menu > Apply for new account
[2021-04-28 08:30:07,256] Please enter a starting balance:
[2021-04-28 08:30:11,369] Account for foo already exists
[2021-04-28 08:30:11,369] 
Customer menu
[2021-04-28 08:30:11,369] 1..Apply for new account
[2021-04-28 08:30:11,369] 2..View account balance
[2021-04-28 08:30:11,370] 3..Withdraw funds
[2021-04-28 08:30:11,370] 4..Deposit funds
[2021-04-28 08:30:11,370] 5..Transfer funds
[2021-04-28 08:30:11,370] 6..Logout
[2021-04-28 08:30:11,370] [foo] Enter choice:
[2021-04-28 08:30:20,371] I'm sorry, this service is unavailable at the moment.
[2021-04-28 08:30:20,371] 
Customer menu
[2021-04-28 08:30:20,371] 1..Apply for new account
[2021-04-28 08:30:20,371] 2..View account balance
[2021-04-28 08:30:20,371] 3..Withdraw funds
[2021-04-28 08:30:20,371] 4..Deposit funds
[2021-04-28 08:30:20,372] 5..Transfer funds
[2021-04-28 08:30:20,372] 6..Logout
[2021-04-28 08:30:20,372] [foo] Enter choice:
[2021-04-28 08:30:31,471] I'm sorry, this service is unavailable at the moment.
[2021-04-28 08:30:31,472] 
Customer menu
[2021-04-28 08:30:31,472] 1..Apply for new account
[2021-04-28 08:30:31,472] 2..View account balance
[2021-04-28 08:30:31,472] 3..Withdraw funds
[2021-04-28 08:30:31,472] 4..Deposit funds
[2021-04-28 08:30:31,472] 5..Transfer funds
[2021-04-28 08:30:31,472] 6..Logout
[2021-04-28 08:30:31,472] [foo] Enter choice:
[2021-04-28 08:30:33,484] I'm sorry, this service is unavailable at the moment.
[2021-04-28 08:30:33,484] 
Customer menu
[2021-04-28 08:30:33,484] 1..Apply for new account
[2021-04-28 08:30:33,484] 2..View account balance
[2021-04-28 08:30:33,484] 3..Withdraw funds
[2021-04-28 08:30:33,485] 4..Deposit funds
[2021-04-28 08:30:33,485] 5..Transfer funds
[2021-04-28 08:30:33,485] 6..Logout
[2021-04-28 08:30:33,485] [foo] Enter choice:
[2021-04-28 08:30:35,498] I'm sorry, this service is unavailable at the moment.
[2021-04-28 08:30:35,498] 
Customer menu
[2021-04-28 08:30:35,499] 1..Apply for new account
[2021-04-28 08:30:35,499] 2..View account balance
[2021-04-28 08:30:35,499] 3..Withdraw funds
[2021-04-28 08:30:35,499] 4..Deposit funds
[2021-04-28 08:30:35,499] 5..Transfer funds
[2021-04-28 08:30:35,499] 6..Logout
[2021-04-28 08:30:35,499] [foo] Enter choice:
[2021-04-28 08:30:37,516] Logging out
[2021-04-28 08:30:37,516] 
Main menu
[2021-04-28 08:30:37,516] 1..Login
[2021-04-28 08:30:37,516] 2..Register
[2021-04-28 08:30:37,516] 3..Quit
[2021-04-28 08:30:37,517] Enter choice:
